<?xml version="1.0" encoding="UTF-8"?>
<!-- Generated by org.testng.reporters.JUnitXMLReporter -->
<testsuite ignored="0" hostname="User" failures="1" tests="10" name="Regression Test" time="78.958" errors="0" timestamp="2021-07-07T20:52:51 EDT">
  <testcase classname="test.HomePageTest" name="SignOnLinkTest" time="1.278"/>
  <testcase classname="test.HomePageTest" name="flightLinkTest" time="1.142">
    <failure type="java.lang.AssertionError" message="expected [Find a Flight: Mercury Tours] but found [Find a Flight: Mercury Tours:]">
      <![CDATA[java.lang.AssertionError: expected [Find a Flight: Mercury Tours] but found [Find a Flight: Mercury Tours:]
at test.HomePageTest.flightLinkTest(HomePageTest.java:43)
at java.base/java.util.ArrayList.forEach(ArrayList.java:1511)
... Removed 33 stack frames]]>
    </failure>
  </testcase> <!-- flightLinkTest -->
  <testcase classname="test.HomePageTest" name="passwordTxtFieldTesting" time="0.565"/>
  <testcase classname="test.HomePageTest" name="registerLinkTest" time="1.526"/>
  <testcase classname="test.HomePageTest" name="submitBtnTesting" time="0.334"/>
  <testcase classname="test.HomePageTest" name="usernameTxtFieldTesting" time="0.26"/>
  <testcase classname="test.LoginFunctionalityTest" name="positiveLoginFunctionalityTest" time="1.926"/>
  <testcase classname="test.LoginFunctionalityTest" name="positiveLoginFunctionalityTest" time="1.839"/>
  <testcase classname="test.LoginFunctionalityTest" name="positiveLoginFunctionalityTest" time="1.486"/>
  <testcase classname="test.LoginFunctionalityTest" name="positiveLoginFunctionalityTest" time="1.568"/>
</testsuite> <!-- Regression Test -->
