<?xml version="1.0" encoding="UTF-8"?>
<testng-results ignored="0" total="10" passed="9" failed="1" skipped="0">
  <reporter-output>
  </reporter-output>
  <suite started-at="2021-07-07T20:51:32 EDT" name="Regression Suite" finished-at="2021-07-07T20:52:51 EDT" duration-ms="78958">
    <groups>
    </groups>
    <test started-at="2021-07-07T20:51:32 EDT" name="Regression Test" finished-at="2021-07-07T20:52:51 EDT" duration-ms="78958">
      <class name="test.HomePageTest">
        <test-method is-config="true" signature="loadBrowser()[pri:0, instance:test.HomePageTest@61dd025]" started-at="2021-07-07T20:51:32 EDT" name="loadBrowser" finished-at="2021-07-07T20:51:42 EDT" duration-ms="10374" status="PASS">
          <reporter-output>
          </reporter-output>
        </test-method> <!-- loadBrowser -->
        <test-method signature="SignOnLinkTest()[pri:0, instance:test.HomePageTest@61dd025]" started-at="2021-07-07T20:51:42 EDT" name="SignOnLinkTest" finished-at="2021-07-07T20:51:43 EDT" duration-ms="1278" status="PASS">
          <reporter-output>
          </reporter-output>
        </test-method> <!-- SignOnLinkTest -->
        <test-method is-config="true" signature="closeBrowser()[pri:0, instance:test.HomePageTest@61dd025]" started-at="2021-07-07T20:51:43 EDT" name="closeBrowser" finished-at="2021-07-07T20:51:44 EDT" duration-ms="922" status="PASS">
          <reporter-output>
          </reporter-output>
        </test-method> <!-- closeBrowser -->
        <test-method is-config="true" signature="loadBrowser()[pri:0, instance:test.HomePageTest@61dd025]" started-at="2021-07-07T20:51:44 EDT" name="loadBrowser" finished-at="2021-07-07T20:51:49 EDT" duration-ms="4812" status="PASS">
          <reporter-output>
          </reporter-output>
        </test-method> <!-- loadBrowser -->
        <test-method signature="flightLinkTest()[pri:0, instance:test.HomePageTest@61dd025]" started-at="2021-07-07T20:51:49 EDT" name="flightLinkTest" finished-at="2021-07-07T20:51:50 EDT" duration-ms="1142" status="FAIL">
          <exception class="java.lang.AssertionError">
            <message>
              <![CDATA[expected [Find a Flight: Mercury Tours] but found [Find a Flight: Mercury Tours:]]]>
            </message>
            <full-stacktrace>
              <![CDATA[java.lang.AssertionError: expected [Find a Flight: Mercury Tours] but found [Find a Flight: Mercury Tours:]
at org.testng.Assert.fail(Assert.java:99)
at org.testng.Assert.failNotEquals(Assert.java:1037)
at org.testng.Assert.assertEqualsImpl(Assert.java:140)
at org.testng.Assert.assertEquals(Assert.java:122)
at org.testng.Assert.assertEquals(Assert.java:629)
at org.testng.Assert.assertEquals(Assert.java:639)
at test.HomePageTest.flightLinkTest(HomePageTest.java:43)
at java.base/jdk.internal.reflect.NativeMethodAccessorImpl.invoke0(Native Method)
at java.base/jdk.internal.reflect.NativeMethodAccessorImpl.invoke(NativeMethodAccessorImpl.java:64)
at java.base/jdk.internal.reflect.DelegatingMethodAccessorImpl.invoke(DelegatingMethodAccessorImpl.java:43)
at java.base/java.lang.reflect.Method.invoke(Method.java:564)
at org.testng.internal.MethodInvocationHelper.invokeMethod(MethodInvocationHelper.java:132)
at org.testng.internal.TestInvoker.invokeMethod(TestInvoker.java:599)
at org.testng.internal.TestInvoker.invokeTestMethod(TestInvoker.java:174)
at org.testng.internal.MethodRunner.runInSequence(MethodRunner.java:46)
at org.testng.internal.TestInvoker$MethodInvocationAgent.invoke(TestInvoker.java:822)
at org.testng.internal.TestInvoker.invokeTestMethods(TestInvoker.java:147)
at org.testng.internal.TestMethodWorker.invokeTestMethods(TestMethodWorker.java:146)
at org.testng.internal.TestMethodWorker.run(TestMethodWorker.java:128)
at java.base/java.util.ArrayList.forEach(ArrayList.java:1511)
at org.testng.TestRunner.privateRun(TestRunner.java:764)
at org.testng.TestRunner.run(TestRunner.java:585)
at org.testng.SuiteRunner.runTest(SuiteRunner.java:384)
at org.testng.SuiteRunner.runSequentially(SuiteRunner.java:378)
at org.testng.SuiteRunner.privateRun(SuiteRunner.java:337)
at org.testng.SuiteRunner.run(SuiteRunner.java:286)
at org.testng.SuiteRunnerWorker.runSuite(SuiteRunnerWorker.java:53)
at org.testng.SuiteRunnerWorker.run(SuiteRunnerWorker.java:96)
at org.testng.TestNG.runSuitesSequentially(TestNG.java:1218)
at org.testng.TestNG.runSuitesLocally(TestNG.java:1140)
at org.testng.TestNG.runSuites(TestNG.java:1069)
at org.testng.TestNG.run(TestNG.java:1037)
at org.testng.remote.AbstractRemoteTestNG.run(AbstractRemoteTestNG.java:115)
at org.testng.remote.RemoteTestNG.initAndRun(RemoteTestNG.java:251)
at org.testng.remote.RemoteTestNG.main(RemoteTestNG.java:77)
]]>
            </full-stacktrace>
          </exception> <!-- java.lang.AssertionError -->
          <reporter-output>
          </reporter-output>
        </test-method> <!-- flightLinkTest -->
        <test-method is-config="true" signature="closeBrowser()[pri:0, instance:test.HomePageTest@61dd025]" started-at="2021-07-07T20:51:50 EDT" name="closeBrowser" finished-at="2021-07-07T20:51:51 EDT" duration-ms="1004" status="PASS">
          <reporter-output>
          </reporter-output>
        </test-method> <!-- closeBrowser -->
        <test-method is-config="true" signature="loadBrowser()[pri:0, instance:test.HomePageTest@61dd025]" started-at="2021-07-07T20:51:51 EDT" name="loadBrowser" finished-at="2021-07-07T20:51:56 EDT" duration-ms="5029" status="PASS">
          <reporter-output>
          </reporter-output>
        </test-method> <!-- loadBrowser -->
        <test-method signature="passwordTxtFieldTesting()[pri:0, instance:test.HomePageTest@61dd025]" started-at="2021-07-07T20:51:56 EDT" name="passwordTxtFieldTesting" finished-at="2021-07-07T20:51:57 EDT" duration-ms="565" status="PASS">
          <reporter-output>
          </reporter-output>
        </test-method> <!-- passwordTxtFieldTesting -->
        <test-method is-config="true" signature="closeBrowser()[pri:0, instance:test.HomePageTest@61dd025]" started-at="2021-07-07T20:51:57 EDT" name="closeBrowser" finished-at="2021-07-07T20:51:57 EDT" duration-ms="215" status="PASS">
          <reporter-output>
          </reporter-output>
        </test-method> <!-- closeBrowser -->
        <test-method is-config="true" signature="loadBrowser()[pri:0, instance:test.HomePageTest@61dd025]" started-at="2021-07-07T20:51:57 EDT" name="loadBrowser" finished-at="2021-07-07T20:52:03 EDT" duration-ms="6352" status="PASS">
          <reporter-output>
          </reporter-output>
        </test-method> <!-- loadBrowser -->
        <test-method signature="registerLinkTest()[pri:0, instance:test.HomePageTest@61dd025]" started-at="2021-07-07T20:52:03 EDT" name="registerLinkTest" finished-at="2021-07-07T20:52:05 EDT" duration-ms="1526" status="PASS">
          <reporter-output>
          </reporter-output>
        </test-method> <!-- registerLinkTest -->
        <test-method is-config="true" signature="closeBrowser()[pri:0, instance:test.HomePageTest@61dd025]" started-at="2021-07-07T20:52:05 EDT" name="closeBrowser" finished-at="2021-07-07T20:52:05 EDT" duration-ms="198" status="PASS">
          <reporter-output>
          </reporter-output>
        </test-method> <!-- closeBrowser -->
        <test-method is-config="true" signature="loadBrowser()[pri:0, instance:test.HomePageTest@61dd025]" started-at="2021-07-07T20:52:05 EDT" name="loadBrowser" finished-at="2021-07-07T20:52:12 EDT" duration-ms="6899" status="PASS">
          <reporter-output>
          </reporter-output>
        </test-method> <!-- loadBrowser -->
        <test-method signature="submitBtnTesting()[pri:0, instance:test.HomePageTest@61dd025]" started-at="2021-07-07T20:52:12 EDT" name="submitBtnTesting" finished-at="2021-07-07T20:52:12 EDT" duration-ms="334" status="PASS">
          <reporter-output>
          </reporter-output>
        </test-method> <!-- submitBtnTesting -->
        <test-method is-config="true" signature="closeBrowser()[pri:0, instance:test.HomePageTest@61dd025]" started-at="2021-07-07T20:52:12 EDT" name="closeBrowser" finished-at="2021-07-07T20:52:13 EDT" duration-ms="690" status="PASS">
          <reporter-output>
          </reporter-output>
        </test-method> <!-- closeBrowser -->
        <test-method is-config="true" signature="loadBrowser()[pri:0, instance:test.HomePageTest@61dd025]" started-at="2021-07-07T20:52:13 EDT" name="loadBrowser" finished-at="2021-07-07T20:52:20 EDT" duration-ms="6684" status="PASS">
          <reporter-output>
          </reporter-output>
        </test-method> <!-- loadBrowser -->
        <test-method signature="usernameTxtFieldTesting()[pri:0, instance:test.HomePageTest@61dd025]" started-at="2021-07-07T20:52:20 EDT" name="usernameTxtFieldTesting" finished-at="2021-07-07T20:52:20 EDT" duration-ms="260" status="PASS">
          <reporter-output>
          </reporter-output>
        </test-method> <!-- usernameTxtFieldTesting -->
        <test-method is-config="true" signature="closeBrowser()[pri:0, instance:test.HomePageTest@61dd025]" started-at="2021-07-07T20:52:20 EDT" name="closeBrowser" finished-at="2021-07-07T20:52:21 EDT" duration-ms="675" status="PASS">
          <reporter-output>
          </reporter-output>
        </test-method> <!-- closeBrowser -->
      </class> <!-- test.HomePageTest -->
      <class name="test.LoginFunctionalityTest">
        <test-method is-config="true" signature="loadBrowser()[pri:0, instance:test.LoginFunctionalityTest@124c278f]" started-at="2021-07-07T20:52:21 EDT" name="loadBrowser" finished-at="2021-07-07T20:52:27 EDT" duration-ms="5852" status="PASS">
          <reporter-output>
          </reporter-output>
        </test-method> <!-- loadBrowser -->
        <test-method signature="positiveLoginFunctionalityTest(java.lang.String, java.lang.String)[pri:0, instance:test.LoginFunctionalityTest@124c278f]" started-at="2021-07-07T20:52:27 EDT" name="positiveLoginFunctionalityTest" data-provider="Positive login data" finished-at="2021-07-07T20:52:29 EDT" duration-ms="1926" status="PASS">
          <params>
            <param index="0">
              <value>
                <![CDATA[test123]]>
              </value>
            </param>
            <param index="1">
              <value>
                <![CDATA[123]]>
              </value>
            </param>
          </params>
          <reporter-output>
          </reporter-output>
        </test-method> <!-- positiveLoginFunctionalityTest -->
        <test-method is-config="true" signature="closeBrowser()[pri:0, instance:test.LoginFunctionalityTest@124c278f]" started-at="2021-07-07T20:52:29 EDT" name="closeBrowser" finished-at="2021-07-07T20:52:29 EDT" duration-ms="592" status="PASS">
          <reporter-output>
          </reporter-output>
        </test-method> <!-- closeBrowser -->
        <test-method is-config="true" signature="loadBrowser()[pri:0, instance:test.LoginFunctionalityTest@124c278f]" started-at="2021-07-07T20:52:29 EDT" name="loadBrowser" finished-at="2021-07-07T20:52:34 EDT" duration-ms="5269" status="PASS">
          <reporter-output>
          </reporter-output>
        </test-method> <!-- loadBrowser -->
        <test-method signature="positiveLoginFunctionalityTest(java.lang.String, java.lang.String)[pri:0, instance:test.LoginFunctionalityTest@124c278f]" started-at="2021-07-07T20:52:34 EDT" name="positiveLoginFunctionalityTest" data-provider="Positive login data" finished-at="2021-07-07T20:52:36 EDT" duration-ms="1839" status="PASS">
          <params>
            <param index="0">
              <value>
                <![CDATA[test]]>
              </value>
            </param>
            <param index="1">
              <value>
                <![CDATA[123]]>
              </value>
            </param>
          </params>
          <reporter-output>
          </reporter-output>
        </test-method> <!-- positiveLoginFunctionalityTest -->
        <test-method is-config="true" signature="closeBrowser()[pri:0, instance:test.LoginFunctionalityTest@124c278f]" started-at="2021-07-07T20:52:36 EDT" name="closeBrowser" finished-at="2021-07-07T20:52:37 EDT" duration-ms="524" status="PASS">
          <reporter-output>
          </reporter-output>
        </test-method> <!-- closeBrowser -->
        <test-method is-config="true" signature="loadBrowser()[pri:0, instance:test.LoginFunctionalityTest@124c278f]" started-at="2021-07-07T20:52:37 EDT" name="loadBrowser" finished-at="2021-07-07T20:52:42 EDT" duration-ms="4859" status="PASS">
          <reporter-output>
          </reporter-output>
        </test-method> <!-- loadBrowser -->
        <test-method signature="positiveLoginFunctionalityTest(java.lang.String, java.lang.String)[pri:0, instance:test.LoginFunctionalityTest@124c278f]" started-at="2021-07-07T20:52:42 EDT" name="positiveLoginFunctionalityTest" data-provider="Positive login data" finished-at="2021-07-07T20:52:43 EDT" duration-ms="1486" status="PASS">
          <params>
            <param index="0">
              <value>
                <![CDATA[test123]]>
              </value>
            </param>
            <param index="1">
              <value>
                <![CDATA[123]]>
              </value>
            </param>
          </params>
          <reporter-output>
          </reporter-output>
        </test-method> <!-- positiveLoginFunctionalityTest -->
        <test-method is-config="true" signature="closeBrowser()[pri:0, instance:test.LoginFunctionalityTest@124c278f]" started-at="2021-07-07T20:52:43 EDT" name="closeBrowser" finished-at="2021-07-07T20:52:44 EDT" duration-ms="471" status="PASS">
          <reporter-output>
          </reporter-output>
        </test-method> <!-- closeBrowser -->
        <test-method is-config="true" signature="loadBrowser()[pri:0, instance:test.LoginFunctionalityTest@124c278f]" started-at="2021-07-07T20:52:44 EDT" name="loadBrowser" finished-at="2021-07-07T20:52:48 EDT" duration-ms="4841" status="PASS">
          <reporter-output>
          </reporter-output>
        </test-method> <!-- loadBrowser -->
        <test-method signature="positiveLoginFunctionalityTest(java.lang.String, java.lang.String)[pri:0, instance:test.LoginFunctionalityTest@124c278f]" started-at="2021-07-07T20:52:48 EDT" name="positiveLoginFunctionalityTest" data-provider="Positive login data" finished-at="2021-07-07T20:52:50 EDT" duration-ms="1568" status="PASS">
          <params>
            <param index="0">
              <value>
                <![CDATA[test]]>
              </value>
            </param>
            <param index="1">
              <value>
                <![CDATA[123]]>
              </value>
            </param>
          </params>
          <reporter-output>
          </reporter-output>
        </test-method> <!-- positiveLoginFunctionalityTest -->
        <test-method is-config="true" signature="closeBrowser()[pri:0, instance:test.LoginFunctionalityTest@124c278f]" started-at="2021-07-07T20:52:50 EDT" name="closeBrowser" finished-at="2021-07-07T20:52:51 EDT" duration-ms="563" status="PASS">
          <reporter-output>
          </reporter-output>
        </test-method> <!-- closeBrowser -->
      </class> <!-- test.LoginFunctionalityTest -->
    </test> <!-- Regression Test -->
  </suite> <!-- Regression Suite -->
</testng-results>
